[2022-04-18 15:57:46.938] INFO  http-bio-9000-exec-1         System.out                                                        2022-04-18 15:57:46,937 DEBUG (EncodingFilter.java:59) - Filtering: http://localhost:9000/editor/p/editor_plugins 
[2022-04-18 15:57:46.942] INFO  http-bio-9000-exec-1         System.out                                                        2022-04-18 15:57:46,942 DEBUG (EncodingFilter.java:72) - Leaving 
[2022-04-18 15:57:46.948] INFO  http-bio-9000-exec-1         System.out                                                        2022-04-18 15:57:46,947 DEBUG (EncodingFilter.java:59) - Filtering: http://localhost:9000/editor/p/editor_stencilset 
[2022-04-18 15:57:46.951] INFO  http-bio-9000-exec-1         System.out                                                        2022-04-18 15:57:46,951 DEBUG (EncodingFilter.java:72) - Leaving 
[2022-04-18 15:57:46.989] INFO  http-bio-9000-exec-1         System.out                                                        2022-04-18 15:57:46,988 DEBUG (EncodingFilter.java:59) - Filtering: http://localhost:9000/editor/p/editor_ssextensions 
[2022-04-18 15:57:46.989] INFO  http-bio-9000-exec-1         System.out                                                        2022-04-18 15:57:46,989 DEBUG (EncodingFilter.java:72) - Leaving 
[2022-04-18 15:57:53.991] INFO  http-bio-9000-exec-6         servlet.BPMNOutputServlet                                         Error: 
[2022-04-18 15:57:53.992] INFO  http-bio-9000-exec-6         servlet.BPMNOutputServlet                                         MESSAGE:  cvc-complex-type.2.4.c: The matching wildcard is strict, but no declaration can be found for element 'ns5:configurationMapping'. 
[2022-04-18 15:57:53.992] INFO  http-bio-9000-exec-6         servlet.BPMNOutputServlet                                         LINKED EXCEPTION:  org.xml.sax.SAXParseException; lineNumber: 0; columnNumber: 0; cvc-complex-type.2.4.c: The matching wildcard is strict, but no declaration can be found for element 'ns5:configurationMapping'. 
[2022-04-18 15:57:53.992] INFO  http-bio-9000-exec-6         servlet.BPMNOutputServlet                                         OBJECT:  de.hpi.bpmn2_0.model.extension.synergia.ConfigurationMapping@1ba53bfb 
[2022-04-18 16:00:04.287] INFO  http-bio-9000-exec-12        System.out                                                        2022-04-18 16:00:04,286 DEBUG (EncodingFilter.java:59) - Filtering: http://localhost:9000/editor/p/editor_plugins 
[2022-04-18 16:00:04.288] INFO  http-bio-9000-exec-12        System.out                                                        2022-04-18 16:00:04,288 DEBUG (EncodingFilter.java:72) - Leaving 
[2022-04-18 16:00:04.292] INFO  http-bio-9000-exec-12        System.out                                                        2022-04-18 16:00:04,292 DEBUG (EncodingFilter.java:59) - Filtering: http://localhost:9000/editor/p/editor_stencilset 
[2022-04-18 16:00:04.294] INFO  http-bio-9000-exec-12        System.out                                                        2022-04-18 16:00:04,294 DEBUG (EncodingFilter.java:72) - Leaving 
[2022-04-18 16:00:04.327] INFO  http-bio-9000-exec-12        System.out                                                        2022-04-18 16:00:04,326 DEBUG (EncodingFilter.java:59) - Filtering: http://localhost:9000/editor/p/editor_ssextensions 
[2022-04-18 16:00:04.327] INFO  http-bio-9000-exec-12        System.out                                                        2022-04-18 16:00:04,327 DEBUG (EncodingFilter.java:72) - Leaving 
[2022-04-18 16:00:09.883] INFO  http-bio-9000-exec-21        servlet.BPMNOutputServlet                                         Error: 
[2022-04-18 16:00:09.883] INFO  http-bio-9000-exec-21        servlet.BPMNOutputServlet                                         MESSAGE:  cvc-complex-type.2.4.c: The matching wildcard is strict, but no declaration can be found for element 'ns5:configurationMapping'. 
[2022-04-18 16:00:09.883] INFO  http-bio-9000-exec-21        servlet.BPMNOutputServlet                                         LINKED EXCEPTION:  org.xml.sax.SAXParseException; lineNumber: 0; columnNumber: 0; cvc-complex-type.2.4.c: The matching wildcard is strict, but no declaration can be found for element 'ns5:configurationMapping'. 
[2022-04-18 16:00:09.883] INFO  http-bio-9000-exec-21        servlet.BPMNOutputServlet                                         OBJECT:  de.hpi.bpmn2_0.model.extension.synergia.ConfigurationMapping@192112df 
[2022-04-18 16:00:09.887] INFO  http-bio-9000-exec-21        servlet.BPMNOutputServlet                                         Error: 
[2022-04-18 16:00:09.887] INFO  http-bio-9000-exec-21        servlet.BPMNOutputServlet                                         MESSAGE:  cvc-complex-type.2.4.c: The matching wildcard is strict, but no declaration can be found for element 'ns5:configurationMapping'. 
[2022-04-18 16:00:09.887] INFO  http-bio-9000-exec-21        servlet.BPMNOutputServlet                                         LINKED EXCEPTION:  org.xml.sax.SAXParseException; lineNumber: 0; columnNumber: 0; cvc-complex-type.2.4.c: The matching wildcard is strict, but no declaration can be found for element 'ns5:configurationMapping'. 
[2022-04-18 16:00:09.888] INFO  http-bio-9000-exec-21        servlet.BPMNOutputServlet                                         OBJECT:  de.hpi.bpmn2_0.model.extension.synergia.ConfigurationMapping@575d4d6a 
[2022-04-18 16:01:25.348] INFO  http-bio-9000-exec-24        System.out                                                        2022-04-18 16:01:25,348 DEBUG (EncodingFilter.java:59) - Filtering: http://localhost:9000/editor/p/editor_plugins 
[2022-04-18 16:01:25.349] INFO  http-bio-9000-exec-24        System.out                                                        2022-04-18 16:01:25,349 DEBUG (EncodingFilter.java:72) - Leaving 
[2022-04-18 16:01:25.354] INFO  http-bio-9000-exec-24        System.out                                                        2022-04-18 16:01:25,352 DEBUG (EncodingFilter.java:59) - Filtering: http://localhost:9000/editor/p/editor_stencilset 
[2022-04-18 16:01:25.354] INFO  http-bio-9000-exec-24        System.out                                                        2022-04-18 16:01:25,354 DEBUG (EncodingFilter.java:72) - Leaving 
[2022-04-18 16:01:25.387] INFO  http-bio-9000-exec-24        System.out                                                        2022-04-18 16:01:25,387 DEBUG (EncodingFilter.java:59) - Filtering: http://localhost:9000/editor/p/editor_ssextensions 
[2022-04-18 16:01:25.387] INFO  http-bio-9000-exec-24        System.out                                                        2022-04-18 16:01:25,387 DEBUG (EncodingFilter.java:72) - Leaving 
[2022-04-18 16:01:31.776] INFO  http-bio-9000-exec-8         servlet.BPMNOutputServlet                                         Error: 
[2022-04-18 16:01:31.776] INFO  http-bio-9000-exec-8         servlet.BPMNOutputServlet                                         MESSAGE:  cvc-complex-type.2.4.c: The matching wildcard is strict, but no declaration can be found for element 'ns5:configurationMapping'. 
[2022-04-18 16:01:31.777] INFO  http-bio-9000-exec-8         servlet.BPMNOutputServlet                                         LINKED EXCEPTION:  org.xml.sax.SAXParseException; lineNumber: 0; columnNumber: 0; cvc-complex-type.2.4.c: The matching wildcard is strict, but no declaration can be found for element 'ns5:configurationMapping'. 
[2022-04-18 16:01:31.777] INFO  http-bio-9000-exec-8         servlet.BPMNOutputServlet                                         OBJECT:  de.hpi.bpmn2_0.model.extension.synergia.ConfigurationMapping@67a2ec20 
[2022-04-18 16:03:06.076] INFO  http-bio-9000-exec-21        System.out                                                        2022-04-18 16:03:06,076 DEBUG (EncodingFilter.java:59) - Filtering: http://localhost:9000/editor/p/editor_plugins 
[2022-04-18 16:03:06.077] INFO  http-bio-9000-exec-21        System.out                                                        2022-04-18 16:03:06,077 DEBUG (EncodingFilter.java:72) - Leaving 
[2022-04-18 16:03:06.081] INFO  http-bio-9000-exec-21        System.out                                                        2022-04-18 16:03:06,081 DEBUG (EncodingFilter.java:59) - Filtering: http://localhost:9000/editor/p/editor_stencilset 
[2022-04-18 16:03:06.082] INFO  http-bio-9000-exec-21        System.out                                                        2022-04-18 16:03:06,082 DEBUG (EncodingFilter.java:72) - Leaving 
[2022-04-18 16:03:06.114] INFO  http-bio-9000-exec-21        System.out                                                        2022-04-18 16:03:06,113 DEBUG (EncodingFilter.java:59) - Filtering: http://localhost:9000/editor/p/editor_ssextensions 
[2022-04-18 16:03:06.114] INFO  http-bio-9000-exec-21        System.out                                                        2022-04-18 16:03:06,114 DEBUG (EncodingFilter.java:72) - Leaving 
[2022-04-18 16:03:10.995] INFO  http-bio-9000-exec-21        servlet.BPMNOutputServlet                                         Error: 
[2022-04-18 16:03:10.996] INFO  http-bio-9000-exec-21        servlet.BPMNOutputServlet                                         MESSAGE:  cvc-complex-type.2.4.c: The matching wildcard is strict, but no declaration can be found for element 'ns5:configurationMapping'. 
[2022-04-18 16:03:10.996] INFO  http-bio-9000-exec-21        servlet.BPMNOutputServlet                                         LINKED EXCEPTION:  org.xml.sax.SAXParseException; lineNumber: 0; columnNumber: 0; cvc-complex-type.2.4.c: The matching wildcard is strict, but no declaration can be found for element 'ns5:configurationMapping'. 
[2022-04-18 16:03:10.996] INFO  http-bio-9000-exec-21        servlet.BPMNOutputServlet                                         OBJECT:  de.hpi.bpmn2_0.model.extension.synergia.ConfigurationMapping@4b92c219 
[2022-04-18 16:03:51.317] INFO  http-bio-9000-exec-2         System.out                                                        2022-04-18 16:03:51,317 DEBUG (EncodingFilter.java:59) - Filtering: http://localhost:9000/editor/p/editor_plugins 
[2022-04-18 16:03:51.317] INFO  http-bio-9000-exec-2         System.out                                                        2022-04-18 16:03:51,317 DEBUG (EncodingFilter.java:72) - Leaving 
[2022-04-18 16:03:51.322] INFO  http-bio-9000-exec-2         System.out                                                        2022-04-18 16:03:51,322 DEBUG (EncodingFilter.java:59) - Filtering: http://localhost:9000/editor/p/editor_stencilset 
[2022-04-18 16:03:51.323] INFO  http-bio-9000-exec-2         System.out                                                        2022-04-18 16:03:51,322 DEBUG (EncodingFilter.java:72) - Leaving 
[2022-04-18 16:03:51.353] INFO  http-bio-9000-exec-2         System.out                                                        2022-04-18 16:03:51,353 DEBUG (EncodingFilter.java:59) - Filtering: http://localhost:9000/editor/p/editor_ssextensions 
[2022-04-18 16:03:51.353] INFO  http-bio-9000-exec-2         System.out                                                        2022-04-18 16:03:51,353 DEBUG (EncodingFilter.java:72) - Leaving 
[2022-04-18 16:03:58.394] INFO  http-bio-9000-exec-2         servlet.BPMNOutputServlet                                         Error: 
[2022-04-18 16:03:58.395] INFO  http-bio-9000-exec-2         servlet.BPMNOutputServlet                                         MESSAGE:  cvc-complex-type.2.4.c: The matching wildcard is strict, but no declaration can be found for element 'ns5:configurationMapping'. 
[2022-04-18 16:03:58.395] INFO  http-bio-9000-exec-2         servlet.BPMNOutputServlet                                         LINKED EXCEPTION:  org.xml.sax.SAXParseException; lineNumber: 0; columnNumber: 0; cvc-complex-type.2.4.c: The matching wildcard is strict, but no declaration can be found for element 'ns5:configurationMapping'. 
[2022-04-18 16:03:58.395] INFO  http-bio-9000-exec-2         servlet.BPMNOutputServlet                                         OBJECT:  de.hpi.bpmn2_0.model.extension.synergia.ConfigurationMapping@1bbef127 
[2022-04-18 16:07:23.463] INFO  http-bio-9000-exec-8         System.out                                                        2022-04-18 16:07:23,462 DEBUG (EncodingFilter.java:59) - Filtering: http://localhost:9000/editor/p/editor_plugins 
[2022-04-18 16:07:23.464] INFO  http-bio-9000-exec-8         System.out                                                        2022-04-18 16:07:23,463 DEBUG (EncodingFilter.java:72) - Leaving 
[2022-04-18 16:07:23.468] INFO  http-bio-9000-exec-8         System.out                                                        2022-04-18 16:07:23,468 DEBUG (EncodingFilter.java:59) - Filtering: http://localhost:9000/editor/p/editor_stencilset 
[2022-04-18 16:07:23.469] INFO  http-bio-9000-exec-8         System.out                                                        2022-04-18 16:07:23,468 DEBUG (EncodingFilter.java:72) - Leaving 
[2022-04-18 16:07:23.501] INFO  http-bio-9000-exec-8         System.out                                                        2022-04-18 16:07:23,501 DEBUG (EncodingFilter.java:59) - Filtering: http://localhost:9000/editor/p/editor_ssextensions 
[2022-04-18 16:07:23.501] INFO  http-bio-9000-exec-8         System.out                                                        2022-04-18 16:07:23,501 DEBUG (EncodingFilter.java:72) - Leaving 
[2022-04-18 16:07:28.156] INFO  http-bio-9000-exec-23        servlet.BPMNOutputServlet                                         Error: 
[2022-04-18 16:07:28.156] INFO  http-bio-9000-exec-23        servlet.BPMNOutputServlet                                         MESSAGE:  cvc-complex-type.2.4.c: The matching wildcard is strict, but no declaration can be found for element 'ns5:configurationMapping'. 
[2022-04-18 16:07:28.157] INFO  http-bio-9000-exec-23        servlet.BPMNOutputServlet                                         LINKED EXCEPTION:  org.xml.sax.SAXParseException; lineNumber: 0; columnNumber: 0; cvc-complex-type.2.4.c: The matching wildcard is strict, but no declaration can be found for element 'ns5:configurationMapping'. 
[2022-04-18 16:07:28.157] INFO  http-bio-9000-exec-23        servlet.BPMNOutputServlet                                         OBJECT:  de.hpi.bpmn2_0.model.extension.synergia.ConfigurationMapping@579f30f6 
[2022-04-18 16:07:28.159] INFO  http-bio-9000-exec-23        servlet.BPMNOutputServlet                                         Error: 
[2022-04-18 16:07:28.160] INFO  http-bio-9000-exec-23        servlet.BPMNOutputServlet                                         MESSAGE:  cvc-complex-type.2.4.c: The matching wildcard is strict, but no declaration can be found for element 'ns5:configurationMapping'. 
[2022-04-18 16:07:28.160] INFO  http-bio-9000-exec-23        servlet.BPMNOutputServlet                                         LINKED EXCEPTION:  org.xml.sax.SAXParseException; lineNumber: 0; columnNumber: 0; cvc-complex-type.2.4.c: The matching wildcard is strict, but no declaration can be found for element 'ns5:configurationMapping'. 
[2022-04-18 16:07:28.160] INFO  http-bio-9000-exec-23        servlet.BPMNOutputServlet                                         OBJECT:  de.hpi.bpmn2_0.model.extension.synergia.ConfigurationMapping@772439cc 
[2022-04-18 16:08:59.515] INFO  http-bio-9000-exec-26        System.out                                                        2022-04-18 16:08:59,515 DEBUG (EncodingFilter.java:59) - Filtering: http://localhost:9000/editor/p/editor_plugins 
[2022-04-18 16:08:59.517] INFO  http-bio-9000-exec-26        System.out                                                        2022-04-18 16:08:59,516 DEBUG (EncodingFilter.java:72) - Leaving 
[2022-04-18 16:08:59.521] INFO  http-bio-9000-exec-26        System.out                                                        2022-04-18 16:08:59,521 DEBUG (EncodingFilter.java:59) - Filtering: http://localhost:9000/editor/p/editor_stencilset 
[2022-04-18 16:08:59.521] INFO  http-bio-9000-exec-26        System.out                                                        2022-04-18 16:08:59,521 DEBUG (EncodingFilter.java:72) - Leaving 
[2022-04-18 16:08:59.552] INFO  http-bio-9000-exec-26        System.out                                                        2022-04-18 16:08:59,552 DEBUG (EncodingFilter.java:59) - Filtering: http://localhost:9000/editor/p/editor_ssextensions 
[2022-04-18 16:08:59.554] INFO  http-bio-9000-exec-26        System.out                                                        2022-04-18 16:08:59,553 DEBUG (EncodingFilter.java:72) - Leaving 
[2022-04-18 16:09:04.553] INFO  http-bio-9000-exec-29        servlet.BPMNOutputServlet                                         Error: 
[2022-04-18 16:09:04.553] INFO  http-bio-9000-exec-29        servlet.BPMNOutputServlet                                         MESSAGE:  cvc-complex-type.2.4.c: The matching wildcard is strict, but no declaration can be found for element 'ns5:configurationMapping'. 
[2022-04-18 16:09:04.553] INFO  http-bio-9000-exec-29        servlet.BPMNOutputServlet                                         LINKED EXCEPTION:  org.xml.sax.SAXParseException; lineNumber: 0; columnNumber: 0; cvc-complex-type.2.4.c: The matching wildcard is strict, but no declaration can be found for element 'ns5:configurationMapping'. 
[2022-04-18 16:09:04.553] INFO  http-bio-9000-exec-29        servlet.BPMNOutputServlet                                         OBJECT:  de.hpi.bpmn2_0.model.extension.synergia.ConfigurationMapping@98dd75f 
[2022-04-18 16:09:04.554] INFO  http-bio-9000-exec-29        servlet.BPMNOutputServlet                                         Error: 
[2022-04-18 16:09:04.554] INFO  http-bio-9000-exec-29        servlet.BPMNOutputServlet                                         MESSAGE:  cvc-complex-type.2.4.c: The matching wildcard is strict, but no declaration can be found for element 'ns5:configurationMapping'. 
[2022-04-18 16:09:04.554] INFO  http-bio-9000-exec-29        servlet.BPMNOutputServlet                                         LINKED EXCEPTION:  org.xml.sax.SAXParseException; lineNumber: 0; columnNumber: 0; cvc-complex-type.2.4.c: The matching wildcard is strict, but no declaration can be found for element 'ns5:configurationMapping'. 
[2022-04-18 16:09:04.554] INFO  http-bio-9000-exec-29        servlet.BPMNOutputServlet                                         OBJECT:  de.hpi.bpmn2_0.model.extension.synergia.ConfigurationMapping@23497cdc 
[2022-04-18 16:10:21.001] INFO  http-bio-9000-exec-30        System.out                                                        2022-04-18 16:10:21,001 DEBUG (EncodingFilter.java:59) - Filtering: http://localhost:9000/editor/p/editor_plugins 
[2022-04-18 16:10:21.002] INFO  http-bio-9000-exec-30        System.out                                                        2022-04-18 16:10:21,002 DEBUG (EncodingFilter.java:72) - Leaving 
[2022-04-18 16:10:21.007] INFO  http-bio-9000-exec-30        System.out                                                        2022-04-18 16:10:21,007 DEBUG (EncodingFilter.java:59) - Filtering: http://localhost:9000/editor/p/editor_stencilset 
[2022-04-18 16:10:21.007] INFO  http-bio-9000-exec-30        System.out                                                        2022-04-18 16:10:21,007 DEBUG (EncodingFilter.java:72) - Leaving 
[2022-04-18 16:10:21.041] INFO  http-bio-9000-exec-30        System.out                                                        2022-04-18 16:10:21,041 DEBUG (EncodingFilter.java:59) - Filtering: http://localhost:9000/editor/p/editor_ssextensions 
[2022-04-18 16:10:21.043] INFO  http-bio-9000-exec-30        System.out                                                        2022-04-18 16:10:21,042 DEBUG (EncodingFilter.java:72) - Leaving 
[2022-04-18 16:10:25.535] INFO  http-bio-9000-exec-30        servlet.BPMNOutputServlet                                         Error: 
[2022-04-18 16:10:25.535] INFO  http-bio-9000-exec-30        servlet.BPMNOutputServlet                                         MESSAGE:  cvc-complex-type.2.4.c: The matching wildcard is strict, but no declaration can be found for element 'ns5:configurationMapping'. 
[2022-04-18 16:10:25.535] INFO  http-bio-9000-exec-30        servlet.BPMNOutputServlet                                         LINKED EXCEPTION:  org.xml.sax.SAXParseException; lineNumber: 0; columnNumber: 0; cvc-complex-type.2.4.c: The matching wildcard is strict, but no declaration can be found for element 'ns5:configurationMapping'. 
[2022-04-18 16:10:25.535] INFO  http-bio-9000-exec-30        servlet.BPMNOutputServlet                                         OBJECT:  de.hpi.bpmn2_0.model.extension.synergia.ConfigurationMapping@6ea1963a 
[2022-04-18 16:10:25.536] INFO  http-bio-9000-exec-30        servlet.BPMNOutputServlet                                         Error: 
[2022-04-18 16:10:25.536] INFO  http-bio-9000-exec-30        servlet.BPMNOutputServlet                                         MESSAGE:  cvc-complex-type.2.4.c: The matching wildcard is strict, but no declaration can be found for element 'ns5:configurationMapping'. 
[2022-04-18 16:10:25.536] INFO  http-bio-9000-exec-30        servlet.BPMNOutputServlet                                         LINKED EXCEPTION:  org.xml.sax.SAXParseException; lineNumber: 0; columnNumber: 0; cvc-complex-type.2.4.c: The matching wildcard is strict, but no declaration can be found for element 'ns5:configurationMapping'. 
[2022-04-18 16:10:25.536] INFO  http-bio-9000-exec-30        servlet.BPMNOutputServlet                                         OBJECT:  de.hpi.bpmn2_0.model.extension.synergia.ConfigurationMapping@54a8a189 
